2018-05-24 14:58:54,093 [Worker-0] INFO  c.g.t.t.d.PublishedGradleVersions - Gradle version information cache is up-to-date. Trying to read.
2018-05-24 15:00:31,353 [Worker-2] INFO  c.g.t.t.d.PublishedGradleVersions - Gradle version information cache is up-to-date. Trying to read.
2018-05-24 15:02:12,845 [Worker-9] INFO  o.e.m.c.i.l.LifecycleMappingFactory - Using org.eclipse.m2e.jdt.JarLifecycleMapping lifecycle mapping for MavenProject: com.strong:NewApplication:0.0.1-SNAPSHOT @ D:\java\local.backup\Starter\NewApplication\pom.xml.
2018-05-24 15:02:32,481 [Worker-12] INFO  o.e.m.c.i.l.LifecycleMappingFactory - Using org.eclipse.m2e.jdt.JarLifecycleMapping lifecycle mapping for MavenProject: com.strong:NewApplication:0.0.1-SNAPSHOT @ D:\java\local.backup\Starter\NewApplication\pom.xml.
2018-05-24 15:03:26,272 [Worker-12] INFO  o.e.m.c.i.embedder.EclipseLogger - Using 'UTF-8' encoding to copy filtered resources.
2018-05-24 15:03:26,302 [Worker-12] INFO  o.e.m.c.i.embedder.EclipseLogger - Copying 1 resource
2018-05-24 15:03:26,465 [Worker-12] INFO  o.e.m.c.i.embedder.EclipseLogger - Copying 160 resources
2018-05-24 15:03:28,947 [Worker-12] INFO  o.e.m.c.i.embedder.EclipseLogger - Using 'UTF-8' encoding to copy filtered resources.
2018-05-24 15:03:28,948 [Worker-12] INFO  o.e.m.c.i.embedder.EclipseLogger - skip non existing resourceDirectory D:\java\local.backup\Starter\NewApplication\src\test\resources
2018-05-24 15:03:38,484 [Worker-13] INFO  o.e.m.c.i.l.LifecycleMappingFactory - Using org.eclipse.m2e.jdt.JarLifecycleMapping lifecycle mapping for MavenProject: com.strong:NewApplication:0.0.1-SNAPSHOT @ D:\java\local.backup\Starter\NewApplication\pom.xml.
2018-05-24 15:03:52,059 [Worker-9] INFO  o.e.m.c.i.embedder.EclipseLogger - Using 'UTF-8' encoding to copy filtered resources.
2018-05-24 15:03:52,060 [Worker-9] INFO  o.e.m.c.i.embedder.EclipseLogger - Copying 1 resource
2018-05-24 15:03:52,150 [Worker-9] INFO  o.e.m.c.i.embedder.EclipseLogger - Copying 160 resources
2018-05-24 15:03:53,808 [Worker-9] INFO  o.e.m.c.i.embedder.EclipseLogger - Using 'UTF-8' encoding to copy filtered resources.
2018-05-24 15:03:53,808 [Worker-9] INFO  o.e.m.c.i.embedder.EclipseLogger - skip non existing resourceDirectory D:\java\local.backup\Starter\NewApplication\src\test\resources
2018-05-24 15:04:14,648 [Worker-6] INFO  o.e.m.c.i.embedder.EclipseLogger - Using 'UTF-8' encoding to copy filtered resources.
2018-05-24 15:04:14,650 [Worker-6] INFO  o.e.m.c.i.embedder.EclipseLogger - Copying 1 resource
2018-05-24 15:04:14,655 [Worker-6] INFO  o.e.m.c.i.embedder.EclipseLogger - Copying 160 resources
2018-05-24 15:04:18,501 [Worker-6] INFO  o.e.m.c.i.embedder.EclipseLogger - Using 'UTF-8' encoding to copy filtered resources.
2018-05-24 15:04:18,501 [Worker-6] INFO  o.e.m.c.i.embedder.EclipseLogger - skip non existing resourceDirectory D:\java\local.backup\Starter\NewApplication\src\test\resources
2018-05-24 15:04:22,543 [Worker-1] INFO  o.e.m.c.i.embedder.EclipseLogger - Using 'UTF-8' encoding to copy filtered resources.
2018-05-24 15:04:22,545 [Worker-1] INFO  o.e.m.c.i.embedder.EclipseLogger - Copying 1 resource
2018-05-24 15:04:22,550 [Worker-1] INFO  o.e.m.c.i.embedder.EclipseLogger - Copying 160 resources
2018-05-24 15:04:24,779 [Worker-1] INFO  o.e.m.c.i.embedder.EclipseLogger - Using 'UTF-8' encoding to copy filtered resources.
2018-05-24 15:04:24,780 [Worker-1] INFO  o.e.m.c.i.embedder.EclipseLogger - skip non existing resourceDirectory D:\java\local.backup\Starter\NewApplication\src\test\resources
2018-05-24 15:04:28,916 [Worker-14] INFO  o.e.m.c.i.embedder.EclipseLogger - Using 'UTF-8' encoding to copy filtered resources.
2018-05-24 15:04:28,920 [Worker-14] INFO  o.e.m.c.i.embedder.EclipseLogger - Copying 1 resource
2018-05-24 15:04:28,929 [Worker-14] INFO  o.e.m.c.i.embedder.EclipseLogger - Copying 160 resources
2018-05-24 15:04:30,043 [Worker-14] INFO  o.e.m.c.i.embedder.EclipseLogger - Using 'UTF-8' encoding to copy filtered resources.
2018-05-24 15:04:30,045 [Worker-14] INFO  o.e.m.c.i.embedder.EclipseLogger - skip non existing resourceDirectory D:\java\local.backup\Starter\NewApplication\src\test\resources
2018-05-24 15:04:36,445 [Worker-0] INFO  o.e.m.c.i.embedder.EclipseLogger - Using 'UTF-8' encoding to copy filtered resources.
2018-05-24 15:04:36,447 [Worker-0] INFO  o.e.m.c.i.embedder.EclipseLogger - Copying 1 resource
2018-05-24 15:04:36,453 [Worker-0] INFO  o.e.m.c.i.embedder.EclipseLogger - Copying 160 resources
2018-05-24 15:04:37,735 [Worker-0] INFO  o.e.m.c.i.embedder.EclipseLogger - Using 'UTF-8' encoding to copy filtered resources.
2018-05-24 15:04:37,736 [Worker-0] INFO  o.e.m.c.i.embedder.EclipseLogger - skip non existing resourceDirectory D:\java\local.backup\Starter\NewApplication\src\test\resources
2018-05-24 15:09:21,294 [Worker-15] INFO  o.e.m.c.i.embedder.EclipseLogger - Using 'UTF-8' encoding to copy filtered resources.
2018-05-24 15:09:21,405 [Worker-15] INFO  o.e.m.c.i.embedder.EclipseLogger - Copying 1 resource
2018-05-24 15:09:21,504 [Worker-15] INFO  o.e.m.c.i.embedder.EclipseLogger - Copying 160 resources
2018-05-24 15:09:21,594 [Worker-15] INFO  o.e.m.c.i.embedder.EclipseLogger - Using 'UTF-8' encoding to copy filtered resources.
2018-05-24 15:09:21,595 [Worker-15] INFO  o.e.m.c.i.embedder.EclipseLogger - skip non existing resourceDirectory D:\java\local.backup\Starter\NewApplication\src\test\resources
2018-05-24 15:09:23,273 [Worker-6] INFO  o.e.m.i.launch.MavenLaunchDelegate - D:\java\local.backup\Starter\NewApplication
2018-05-24 15:09:23,276 [Worker-6] INFO  o.e.m.i.launch.MavenLaunchDelegate -  mvn -B install
2018-05-24 15:10:04,346 [Worker-17] INFO  o.e.m.c.i.embedder.EclipseLogger - Using 'UTF-8' encoding to copy filtered resources.
2018-05-24 15:10:04,382 [Worker-17] INFO  o.e.m.c.i.embedder.EclipseLogger - Copying 1 resource
2018-05-24 15:10:04,442 [Worker-17] INFO  o.e.m.c.i.embedder.EclipseLogger - Copying 160 resources
2018-05-24 15:10:04,487 [Worker-17] INFO  o.e.m.c.i.embedder.EclipseLogger - Using 'UTF-8' encoding to copy filtered resources.
2018-05-24 15:10:04,487 [Worker-17] INFO  o.e.m.c.i.embedder.EclipseLogger - skip non existing resourceDirectory D:\java\local.backup\Starter\NewApplication\src\test\resources
2018-05-24 15:16:04,012 [Worker-19] INFO  o.e.m.c.i.embedder.EclipseLogger - Using 'UTF-8' encoding to copy filtered resources.
2018-05-24 15:16:04,046 [Worker-19] INFO  o.e.m.c.i.embedder.EclipseLogger - Copying 1 resource
2018-05-24 15:16:04,141 [Worker-19] INFO  o.e.m.c.i.embedder.EclipseLogger - Copying 160 resources
2018-05-24 15:16:04,185 [Worker-19] INFO  o.e.m.c.i.embedder.EclipseLogger - Using 'UTF-8' encoding to copy filtered resources.
2018-05-24 15:16:04,186 [Worker-19] INFO  o.e.m.c.i.embedder.EclipseLogger - skip non existing resourceDirectory D:\java\local.backup\Starter\NewApplication\src\test\resources
2018-05-24 15:18:07,341 [Worker-21] INFO  o.e.m.c.i.embedder.EclipseLogger - Using 'UTF-8' encoding to copy filtered resources.
2018-05-24 15:18:07,376 [Worker-21] INFO  o.e.m.c.i.embedder.EclipseLogger - Copying 1 resource
2018-05-24 15:18:07,438 [Worker-21] INFO  o.e.m.c.i.embedder.EclipseLogger - Copying 160 resources
2018-05-24 15:18:08,332 [Worker-21] INFO  o.e.m.c.i.embedder.EclipseLogger - Using 'UTF-8' encoding to copy filtered resources.
2018-05-24 15:18:08,333 [Worker-21] INFO  o.e.m.c.i.embedder.EclipseLogger - skip non existing resourceDirectory D:\java\local.backup\Starter\NewApplication\src\test\resources
2018-05-24 15:18:43,721 [Worker-9] INFO  o.e.m.c.i.embedder.EclipseLogger - Using 'UTF-8' encoding to copy filtered resources.
2018-05-24 15:18:43,768 [Worker-9] INFO  o.e.m.c.i.embedder.EclipseLogger - Copying 1 resource
2018-05-24 15:18:43,809 [Worker-9] INFO  o.e.m.c.i.embedder.EclipseLogger - Copying 160 resources
2018-05-24 15:18:43,910 [Worker-9] INFO  o.e.m.c.i.embedder.EclipseLogger - Using 'UTF-8' encoding to copy filtered resources.
2018-05-24 15:18:43,911 [Worker-9] INFO  o.e.m.c.i.embedder.EclipseLogger - skip non existing resourceDirectory D:\java\local.backup\Starter\NewApplication\src\test\resources
2018-05-24 15:19:56,537 [Worker-24] INFO  o.e.m.c.i.p.ProjectConfigurationManager - Update started
2018-05-24 15:19:59,060 [Worker-24] INFO  o.e.m.c.i.l.LifecycleMappingFactory - Using org.eclipse.m2e.jdt.JarLifecycleMapping lifecycle mapping for MavenProject: com.strong:NewApplication:0.0.1-SNAPSHOT @ D:\java\local.backup\Starter\NewApplication\pom.xml.
2018-05-24 15:20:01,190 [Worker-24] INFO  o.e.m.j.i.AbstractJavaProjectConfigurator - Adding source folder /NewApplication/src/main/java
2018-05-24 15:20:01,192 [Worker-24] INFO  o.e.m.j.i.AbstractJavaProjectConfigurator - Adding resource folder /NewApplication/src/main/resources
2018-05-24 15:20:01,202 [Worker-24] INFO  o.e.m.j.i.AbstractJavaProjectConfigurator - Adding resource folder /NewApplication/src/main/resources
2018-05-24 15:20:01,215 [Worker-24] INFO  o.e.m.j.i.AbstractJavaProjectConfigurator - Adding source folder /NewApplication/src/test/java
2018-05-24 15:20:02,208 [Worker-24] INFO  o.e.m.c.i.p.ProjectConfigurationManager - Update completed: 5 sec
2018-05-24 15:20:15,689 [Worker-23] INFO  o.e.m.c.i.embedder.EclipseLogger - Using 'UTF-8' encoding to copy filtered resources.
2018-05-24 15:20:15,690 [Worker-23] INFO  o.e.m.c.i.embedder.EclipseLogger - Copying 1 resource
2018-05-24 15:20:15,798 [Worker-23] INFO  o.e.m.c.i.embedder.EclipseLogger - Copying 160 resources
2018-05-24 15:20:16,564 [Worker-23] INFO  o.e.m.c.i.embedder.EclipseLogger - Using 'UTF-8' encoding to copy filtered resources.
2018-05-24 15:20:16,565 [Worker-23] INFO  o.e.m.c.i.embedder.EclipseLogger - skip non existing resourceDirectory D:\java\local.backup\Starter\NewApplication\src\test\resources
2018-05-24 15:21:58,927 [Worker-12] INFO  o.e.m.c.i.embedder.EclipseLogger - Using 'UTF-8' encoding to copy filtered resources.
2018-05-24 15:21:58,929 [Worker-12] INFO  o.e.m.c.i.embedder.EclipseLogger - Copying 1 resource
2018-05-24 15:21:58,936 [Worker-12] INFO  o.e.m.c.i.embedder.EclipseLogger - Copying 160 resources
2018-05-24 15:22:00,055 [Worker-12] INFO  o.e.m.c.i.embedder.EclipseLogger - Using 'UTF-8' encoding to copy filtered resources.
2018-05-24 15:22:00,055 [Worker-12] INFO  o.e.m.c.i.embedder.EclipseLogger - skip non existing resourceDirectory D:\java\local.backup\Starter\NewApplication\src\test\resources
2018-05-24 15:28:38,060 [Worker-3] INFO  o.e.m.c.i.embedder.EclipseLogger - Using 'UTF-8' encoding to copy filtered resources.
2018-05-24 15:28:38,095 [Worker-3] INFO  o.e.m.c.i.embedder.EclipseLogger - Copying 1 resource
2018-05-24 15:28:38,130 [Worker-3] INFO  o.e.m.c.i.embedder.EclipseLogger - Copying 160 resources
2018-05-24 15:28:38,820 [Worker-3] INFO  o.e.m.c.i.embedder.EclipseLogger - Using 'UTF-8' encoding to copy filtered resources.
2018-05-24 15:28:38,820 [Worker-3] INFO  o.e.m.c.i.embedder.EclipseLogger - skip non existing resourceDirectory D:\java\local.backup\Starter\NewApplication\src\test\resources
2018-05-24 16:10:01,816 [Worker-7] INFO  o.e.m.c.i.p.ProjectConfigurationManager - Update started
2018-05-24 16:10:03,071 [Worker-7] INFO  o.e.m.c.i.l.LifecycleMappingFactory - Using org.eclipse.m2e.jdt.JarLifecycleMapping lifecycle mapping for MavenProject: com.strong:NewApplication:0.0.1-SNAPSHOT @ D:\java\local.backup\Starter\NewApplication\pom.xml.
2018-05-24 16:10:05,821 [Worker-7] INFO  o.e.m.c.i.e.AbstractTransferListenerAdapter - Downloaded https://repo.maven.apache.org/maven2/net/sf/json-lib/json-lib/2.4/json-lib-2.4.jar
2018-05-24 16:10:06,577 [Worker-7] INFO  o.e.m.c.i.e.AbstractTransferListenerAdapter - Downloading https://repo.maven.apache.org/maven2/commons-lang/commons-lang/2.5/commons-lang-2.5.jar
2018-05-24 16:10:07,824 [Worker-7] INFO  o.e.m.c.i.e.AbstractTransferListenerAdapter - Downloaded https://repo.maven.apache.org/maven2/commons-lang/commons-lang/2.5/commons-lang-2.5.jar
2018-05-24 16:10:08,935 [Worker-7] INFO  o.e.m.j.i.AbstractJavaProjectConfigurator - Adding source folder /NewApplication/src/main/java
2018-05-24 16:10:08,936 [Worker-7] INFO  o.e.m.j.i.AbstractJavaProjectConfigurator - Adding resource folder /NewApplication/src/main/resources
2018-05-24 16:10:08,939 [Worker-7] INFO  o.e.m.j.i.AbstractJavaProjectConfigurator - Adding resource folder /NewApplication/src/main/resources
2018-05-24 16:10:08,942 [Worker-7] INFO  o.e.m.j.i.AbstractJavaProjectConfigurator - Adding source folder /NewApplication/src/test/java
2018-05-24 16:10:10,164 [Worker-7] INFO  o.e.m.c.i.p.ProjectConfigurationManager - Update completed: 8 sec
2018-05-24 16:11:35,164 [Worker-7] INFO  o.e.m.i.launch.MavenLaunchDelegate - D:\java\local.backup\Starter\NewApplication
2018-05-24 16:11:35,164 [Worker-7] INFO  o.e.m.i.launch.MavenLaunchDelegate -  mvn -B install
2018-05-24 16:13:10,737 [Worker-27] INFO  o.e.m.c.i.l.LifecycleMappingFactory - Using org.eclipse.m2e.jdt.JarLifecycleMapping lifecycle mapping for MavenProject: com.strong:NewApplication:0.0.1-SNAPSHOT @ D:\java\local.backup\Starter\NewApplication\pom.xml.
2018-05-24 16:13:13,384 [Worker-27] INFO  o.e.m.c.i.embedder.EclipseLogger - Using 'UTF-8' encoding to copy filtered resources.
2018-05-24 16:13:13,413 [Worker-27] INFO  o.e.m.c.i.embedder.EclipseLogger - Copying 1 resource
2018-05-24 16:13:13,445 [Worker-27] INFO  o.e.m.c.i.embedder.EclipseLogger - Copying 160 resources
2018-05-24 16:13:14,420 [Worker-27] INFO  o.e.m.c.i.embedder.EclipseLogger - Using 'UTF-8' encoding to copy filtered resources.
2018-05-24 16:13:14,420 [Worker-27] INFO  o.e.m.c.i.embedder.EclipseLogger - skip non existing resourceDirectory D:\java\local.backup\Starter\NewApplication\src\test\resources
2018-05-24 16:15:42,714 [JavaFX Application Thread] INFO  o.e.m.c.i.e.AbstractTransferListenerAdapter - Downloading https://repo.maven.apache.org/maven2/net/sf/json-lib/json-lib/2.4/json-lib-2.4.pom
2018-05-24 16:15:43,175 [JavaFX Application Thread] INFO  o.e.m.c.i.e.AbstractTransferListenerAdapter - Downloaded https://repo.maven.apache.org/maven2/net/sf/json-lib/json-lib/2.4/json-lib-2.4.pom
2018-05-24 16:15:43,629 [JavaFX Application Thread] INFO  o.e.m.c.i.e.AbstractTransferListenerAdapter - Downloaded https://repo.maven.apache.org/maven2/net/sf/json-lib/json-lib/2.4/json-lib-2.4.jar
2018-05-24 16:15:53,569 [Worker-15] INFO  o.e.m.c.i.p.ProjectConfigurationManager - Update started
2018-05-24 16:15:54,653 [Worker-15] INFO  o.e.m.c.i.l.LifecycleMappingFactory - Using org.eclipse.m2e.jdt.JarLifecycleMapping lifecycle mapping for MavenProject: com.strong:NewApplication:0.0.1-SNAPSHOT @ D:\java\local.backup\Starter\NewApplication\pom.xml.
2018-05-24 16:15:55,627 [Worker-15] INFO  o.e.m.j.i.AbstractJavaProjectConfigurator - Adding source folder /NewApplication/src/main/java
2018-05-24 16:15:55,629 [Worker-15] INFO  o.e.m.j.i.AbstractJavaProjectConfigurator - Adding resource folder /NewApplication/src/main/resources
2018-05-24 16:15:55,633 [Worker-15] INFO  o.e.m.j.i.AbstractJavaProjectConfigurator - Adding resource folder /NewApplication/src/main/resources
2018-05-24 16:15:55,636 [Worker-15] INFO  o.e.m.j.i.AbstractJavaProjectConfigurator - Adding source folder /NewApplication/src/test/java
2018-05-24 16:15:56,671 [Worker-15] INFO  o.e.m.c.i.p.ProjectConfigurationManager - Update completed: 3 sec
2018-05-24 16:21:04,939 [Worker-8] INFO  o.e.m.i.launch.MavenLaunchDelegate - D:\java\local.backup\Starter\NewApplication
2018-05-24 16:21:04,939 [Worker-8] INFO  o.e.m.i.launch.MavenLaunchDelegate -  mvn -B clean
2018-05-24 16:21:13,457 [Worker-24] INFO  o.e.m.i.launch.MavenLaunchDelegate - D:\java\local.backup\Starter\NewApplication
2018-05-24 16:21:13,458 [Worker-24] INFO  o.e.m.i.launch.MavenLaunchDelegate -  mvn -B install
2018-05-24 16:22:44,684 [Worker-13] INFO  o.e.m.c.i.l.LifecycleMappingFactory - Using org.eclipse.m2e.jdt.JarLifecycleMapping lifecycle mapping for MavenProject: com.strong:NewApplication:0.0.1-SNAPSHOT @ D:\java\local.backup\Starter\NewApplication\pom.xml.
2018-05-24 16:22:47,046 [Worker-13] INFO  o.e.m.c.i.embedder.EclipseLogger - Using 'UTF-8' encoding to copy filtered resources.
2018-05-24 16:22:47,048 [Worker-13] INFO  o.e.m.c.i.embedder.EclipseLogger - Copying 1 resource
2018-05-24 16:22:47,126 [Worker-13] INFO  o.e.m.c.i.embedder.EclipseLogger - Copying 160 resources
2018-05-24 16:22:47,245 [Worker-13] INFO  o.e.m.c.i.embedder.EclipseLogger - Using 'UTF-8' encoding to copy filtered resources.
2018-05-24 16:22:47,246 [Worker-13] INFO  o.e.m.c.i.embedder.EclipseLogger - skip non existing resourceDirectory D:\java\local.backup\Starter\NewApplication\src\test\resources
2018-05-25 14:17:21,185 [Worker-2] INFO  c.g.t.t.d.PublishedGradleVersions - Gradle version information cache is out-of-date. Trying to update.
2018-05-25 16:55:49,769 [Worker-57] INFO  o.e.m.c.i.embedder.EclipseLogger - Using 'UTF-8' encoding to copy filtered resources.
2018-05-25 16:55:49,809 [Worker-57] INFO  o.e.m.c.i.embedder.EclipseLogger - Copying 1 resource
2018-05-25 16:55:49,839 [Worker-57] INFO  o.e.m.c.i.embedder.EclipseLogger - Copying 160 resources
2018-05-25 16:55:52,543 [Worker-57] INFO  o.e.m.c.i.embedder.EclipseLogger - Using 'UTF-8' encoding to copy filtered resources.
2018-05-25 16:55:52,543 [Worker-57] INFO  o.e.m.c.i.embedder.EclipseLogger - skip non existing resourceDirectory D:\java\local.backup\Starter\NewApplication\src\test\resources
2018-05-25 16:58:40,747 [Worker-44] INFO  o.e.m.c.i.embedder.EclipseLogger - Using 'UTF-8' encoding to copy filtered resources.
2018-05-25 16:58:40,791 [Worker-44] INFO  o.e.m.c.i.embedder.EclipseLogger - Copying 1 resource
2018-05-25 16:58:40,825 [Worker-44] INFO  o.e.m.c.i.embedder.EclipseLogger - Copying 160 resources
2018-05-25 16:58:40,925 [Worker-44] INFO  o.e.m.c.i.embedder.EclipseLogger - Using 'UTF-8' encoding to copy filtered resources.
2018-05-25 16:58:40,925 [Worker-44] INFO  o.e.m.c.i.embedder.EclipseLogger - skip non existing resourceDirectory D:\java\local.backup\Starter\NewApplication\src\test\resources
2018-05-25 16:59:31,984 [Worker-55] INFO  o.e.m.c.i.embedder.EclipseLogger - Using 'UTF-8' encoding to copy filtered resources.
2018-05-25 16:59:32,021 [Worker-55] INFO  o.e.m.c.i.embedder.EclipseLogger - Copying 1 resource
2018-05-25 16:59:32,057 [Worker-55] INFO  o.e.m.c.i.embedder.EclipseLogger - Copying 160 resources
2018-05-25 16:59:32,115 [Worker-55] INFO  o.e.m.c.i.embedder.EclipseLogger - Using 'UTF-8' encoding to copy filtered resources.
2018-05-25 16:59:32,116 [Worker-55] INFO  o.e.m.c.i.embedder.EclipseLogger - skip non existing resourceDirectory D:\java\local.backup\Starter\NewApplication\src\test\resources
2018-05-25 17:23:27,853 [Worker-68] INFO  o.e.m.c.i.embedder.EclipseLogger - Using 'UTF-8' encoding to copy filtered resources.
2018-05-25 17:23:28,044 [Worker-68] INFO  o.e.m.c.i.embedder.EclipseLogger - Copying 1 resource
2018-05-25 17:23:28,210 [Worker-68] INFO  o.e.m.c.i.embedder.EclipseLogger - Copying 160 resources
2018-05-25 17:23:28,280 [Worker-68] INFO  o.e.m.c.i.embedder.EclipseLogger - Using 'UTF-8' encoding to copy filtered resources.
2018-05-25 17:23:28,280 [Worker-68] INFO  o.e.m.c.i.embedder.EclipseLogger - skip non existing resourceDirectory D:\java\local.backup\Starter\NewApplication\src\test\resources
2018-05-25 17:29:35,267 [Worker-80] INFO  o.e.m.c.i.embedder.EclipseLogger - Using 'UTF-8' encoding to copy filtered resources.
2018-05-25 17:29:35,300 [Worker-80] INFO  o.e.m.c.i.embedder.EclipseLogger - Copying 1 resource
2018-05-25 17:29:35,336 [Worker-80] INFO  o.e.m.c.i.embedder.EclipseLogger - Copying 160 resources
2018-05-25 17:29:35,382 [Worker-80] INFO  o.e.m.c.i.embedder.EclipseLogger - Using 'UTF-8' encoding to copy filtered resources.
2018-05-25 17:29:35,383 [Worker-80] INFO  o.e.m.c.i.embedder.EclipseLogger - skip non existing resourceDirectory D:\java\local.backup\Starter\NewApplication\src\test\resources
2018-05-25 17:37:10,372 [Worker-88] INFO  o.e.m.c.i.embedder.EclipseLogger - Using 'UTF-8' encoding to copy filtered resources.
2018-05-25 17:37:10,373 [Worker-88] INFO  o.e.m.c.i.embedder.EclipseLogger - Copying 0 resource
2018-05-25 17:37:10,374 [Worker-88] INFO  o.e.m.c.i.embedder.EclipseLogger - Copying 1 resource
2018-05-25 17:37:10,381 [Worker-88] INFO  o.e.m.c.i.embedder.EclipseLogger - Using 'UTF-8' encoding to copy filtered resources.
2018-05-25 17:37:10,381 [Worker-88] INFO  o.e.m.c.i.embedder.EclipseLogger - skip non existing resourceDirectory D:\java\local.backup\Starter\NewApplication\src\test\resources
2018-05-25 17:46:38,049 [Worker-114] INFO  o.e.m.c.i.embedder.EclipseLogger - Using 'UTF-8' encoding to copy filtered resources.
2018-05-25 17:46:38,050 [Worker-114] INFO  o.e.m.c.i.embedder.EclipseLogger - Copying 0 resource
2018-05-25 17:46:38,052 [Worker-114] INFO  o.e.m.c.i.embedder.EclipseLogger - Copying 1 resource
2018-05-25 17:46:38,059 [Worker-114] INFO  o.e.m.c.i.embedder.EclipseLogger - Using 'UTF-8' encoding to copy filtered resources.
2018-05-25 17:46:38,059 [Worker-114] INFO  o.e.m.c.i.embedder.EclipseLogger - skip non existing resourceDirectory D:\java\local.backup\Starter\NewApplication\src\test\resources
2018-05-25 17:57:22,109 [Worker-130] INFO  o.e.m.c.i.embedder.EclipseLogger - Using 'UTF-8' encoding to copy filtered resources.
2018-05-25 17:57:22,114 [Worker-130] INFO  o.e.m.c.i.embedder.EclipseLogger - Copying 1 resource
2018-05-25 17:57:22,248 [Worker-130] INFO  o.e.m.c.i.embedder.EclipseLogger - Copying 160 resources
2018-05-25 17:57:22,302 [Worker-130] INFO  o.e.m.c.i.embedder.EclipseLogger - Using 'UTF-8' encoding to copy filtered resources.
2018-05-25 17:57:22,302 [Worker-130] INFO  o.e.m.c.i.embedder.EclipseLogger - skip non existing resourceDirectory D:\java\local.backup\Starter\NewApplication\src\test\resources
2018-05-25 18:17:22,365 [Worker-136] INFO  o.e.m.c.i.embedder.EclipseLogger - Using 'UTF-8' encoding to copy filtered resources.
2018-05-25 18:17:22,398 [Worker-136] INFO  o.e.m.c.i.embedder.EclipseLogger - Copying 1 resource
2018-05-25 18:17:22,438 [Worker-136] INFO  o.e.m.c.i.embedder.EclipseLogger - Copying 161 resources
2018-05-25 18:17:22,489 [Worker-136] INFO  o.e.m.c.i.embedder.EclipseLogger - Using 'UTF-8' encoding to copy filtered resources.
2018-05-25 18:17:22,489 [Worker-136] INFO  o.e.m.c.i.embedder.EclipseLogger - skip non existing resourceDirectory D:\java\local.backup\Starter\NewApplication\src\test\resources
2018-05-25 18:17:42,017 [Worker-123] INFO  o.e.m.c.i.embedder.EclipseLogger - Using 'UTF-8' encoding to copy filtered resources.
2018-05-25 18:17:42,050 [Worker-123] INFO  o.e.m.c.i.embedder.EclipseLogger - Copying 1 resource
2018-05-25 18:17:42,087 [Worker-123] INFO  o.e.m.c.i.embedder.EclipseLogger - Copying 161 resources
2018-05-25 18:17:42,212 [Worker-123] INFO  o.e.m.c.i.embedder.EclipseLogger - Using 'UTF-8' encoding to copy filtered resources.
2018-05-25 18:17:42,212 [Worker-123] INFO  o.e.m.c.i.embedder.EclipseLogger - skip non existing resourceDirectory D:\java\local.backup\Starter\NewApplication\src\test\resources
2018-05-28 09:22:34,310 [Worker-0] INFO  c.g.t.t.d.PublishedGradleVersions - Gradle version information cache is out-of-date. Trying to update.
2018-05-28 09:35:27,410 [Worker-18] INFO  o.e.m.c.i.embedder.EclipseLogger - Using 'UTF-8' encoding to copy filtered resources.
2018-05-28 09:35:27,514 [Worker-18] INFO  o.e.m.c.i.embedder.EclipseLogger - Copying 1 resource
2018-05-28 09:35:28,040 [Worker-18] INFO  o.e.m.c.i.embedder.EclipseLogger - Copying 161 resources
2018-05-28 09:36:39,890 [Worker-18] INFO  o.e.m.c.i.embedder.EclipseLogger - Using 'UTF-8' encoding to copy filtered resources.
2018-05-28 09:36:39,891 [Worker-18] INFO  o.e.m.c.i.embedder.EclipseLogger - skip non existing resourceDirectory D:\java\local.backup\Starter\NewApplication\src\test\resources
2018-05-28 09:55:32,692 [Worker-42] INFO  o.e.m.c.i.embedder.EclipseLogger - Using 'UTF-8' encoding to copy filtered resources.
2018-05-28 09:55:32,813 [Worker-42] INFO  o.e.m.c.i.embedder.EclipseLogger - Copying 1 resource
2018-05-28 09:55:32,982 [Worker-42] INFO  o.e.m.c.i.embedder.EclipseLogger - Copying 161 resources
2018-05-28 09:55:33,153 [Worker-42] INFO  o.e.m.c.i.embedder.EclipseLogger - Using 'UTF-8' encoding to copy filtered resources.
2018-05-28 09:55:33,154 [Worker-42] INFO  o.e.m.c.i.embedder.EclipseLogger - skip non existing resourceDirectory D:\java\local.backup\Starter\NewApplication\src\test\resources
2018-05-28 10:03:39,078 [Worker-58] INFO  o.e.m.c.i.e.AbstractTransferListenerAdapter - Downloaded https://repo.maven.apache.org/maven2/net/sf/json-lib/json-lib/2.4/json-lib-2.4-sources.jar
2018-05-28 10:03:39,338 [Worker-58] ERROR o.e.m.j.internal.DownloadSourcesJob - Could not download sources for net.sf.json-lib:json-lib:2.4:jdk15
org.eclipse.core.runtime.CoreException: Could not resolve artifact net.sf.json-lib:json-lib:jar:sources:2.4
	at org.eclipse.m2e.core.internal.embedder.MavenImpl$5.call(MavenImpl.java:776) ~[org.eclipse.m2e.core_1.7.0.20160603-1933.jar:na]
	at org.eclipse.m2e.core.internal.embedder.MavenImpl$5.call(MavenImpl.java:1) ~[org.eclipse.m2e.core_1.7.0.20160603-1933.jar:na]
	at org.eclipse.m2e.core.internal.embedder.MavenExecutionContext.executeBare(MavenExecutionContext.java:176) [org.eclipse.m2e.core_1.7.0.20160603-1933.jar:na]
	at org.eclipse.m2e.core.internal.embedder.MavenExecutionContext.execute(MavenExecutionContext.java:112) [org.eclipse.m2e.core_1.7.0.20160603-1933.jar:na]
	at org.eclipse.m2e.core.internal.embedder.MavenExecutionContext.execute(MavenExecutionContext.java:99) [org.eclipse.m2e.core_1.7.0.20160603-1933.jar:na]
	at org.eclipse.m2e.core.internal.embedder.MavenImpl.resolve(MavenImpl.java:743) [org.eclipse.m2e.core_1.7.0.20160603-1933.jar:na]
	at org.eclipse.m2e.core.internal.embedder.MavenImpl.resolve(MavenImpl.java:720) [org.eclipse.m2e.core_1.7.0.20160603-1933.jar:na]
	at org.eclipse.m2e.jdt.internal.DownloadSourcesJob.download(DownloadSourcesJob.java:249) [org.eclipse.m2e.jdt_1.7.0.20160603-1933.jar:na]
	at org.eclipse.m2e.jdt.internal.DownloadSourcesJob.downloadAttachments(DownloadSourcesJob.java:228) [org.eclipse.m2e.jdt_1.7.0.20160603-1933.jar:na]
	at org.eclipse.m2e.jdt.internal.DownloadSourcesJob.downloadMaven(DownloadSourcesJob.java:202) [org.eclipse.m2e.jdt_1.7.0.20160603-1933.jar:na]
	at org.eclipse.m2e.jdt.internal.DownloadSourcesJob.run(DownloadSourcesJob.java:153) [org.eclipse.m2e.jdt_1.7.0.20160603-1933.jar:na]
	at org.eclipse.m2e.jdt.internal.DownloadSourcesJob$1.call(DownloadSourcesJob.java:136) [org.eclipse.m2e.jdt_1.7.0.20160603-1933.jar:na]
	at org.eclipse.m2e.jdt.internal.DownloadSourcesJob$1.call(DownloadSourcesJob.java:1) [org.eclipse.m2e.jdt_1.7.0.20160603-1933.jar:na]
	at org.eclipse.m2e.core.internal.embedder.MavenExecutionContext.executeBare(MavenExecutionContext.java:176) [org.eclipse.m2e.core_1.7.0.20160603-1933.jar:na]
	at org.eclipse.m2e.core.internal.embedder.MavenExecutionContext.execute(MavenExecutionContext.java:151) [org.eclipse.m2e.core_1.7.0.20160603-1933.jar:na]
	at org.eclipse.m2e.core.internal.embedder.MavenExecutionContext.execute(MavenExecutionContext.java:99) [org.eclipse.m2e.core_1.7.0.20160603-1933.jar:na]
	at org.eclipse.m2e.core.internal.embedder.MavenImpl.execute(MavenImpl.java:1355) [org.eclipse.m2e.core_1.7.0.20160603-1933.jar:na]
	at org.eclipse.m2e.jdt.internal.DownloadSourcesJob.run(DownloadSourcesJob.java:134) [org.eclipse.m2e.jdt_1.7.0.20160603-1933.jar:na]
	at org.eclipse.core.internal.jobs.Worker.run(Worker.java:55) [org.eclipse.core.jobs_3.8.0.v20160509-0411.jar:na]
2018-05-28 10:11:29,498 [Worker-58] INFO  o.e.m.c.i.embedder.EclipseLogger - Using 'UTF-8' encoding to copy filtered resources.
2018-05-28 10:11:29,573 [Worker-58] INFO  o.e.m.c.i.embedder.EclipseLogger - Copying 1 resource
2018-05-28 10:11:29,689 [Worker-58] INFO  o.e.m.c.i.embedder.EclipseLogger - Copying 161 resources
2018-05-28 10:11:29,803 [Worker-58] INFO  o.e.m.c.i.embedder.EclipseLogger - Using 'UTF-8' encoding to copy filtered resources.
2018-05-28 10:11:29,803 [Worker-58] INFO  o.e.m.c.i.embedder.EclipseLogger - skip non existing resourceDirectory D:\java\local.backup\Starter\NewApplication\src\test\resources
2018-05-28 10:18:00,889 [Worker-70] INFO  o.e.m.c.i.embedder.EclipseLogger - Using 'UTF-8' encoding to copy filtered resources.
2018-05-28 10:18:00,890 [Worker-70] INFO  o.e.m.c.i.embedder.EclipseLogger - Copying 0 resource
2018-05-28 10:18:00,891 [Worker-70] INFO  o.e.m.c.i.embedder.EclipseLogger - Copying 1 resource
2018-05-28 10:18:00,901 [Worker-70] INFO  o.e.m.c.i.embedder.EclipseLogger - Using 'UTF-8' encoding to copy filtered resources.
2018-05-28 10:18:00,901 [Worker-70] INFO  o.e.m.c.i.embedder.EclipseLogger - skip non existing resourceDirectory D:\java\local.backup\Starter\NewApplication\src\test\resources
2018-05-28 11:06:34,094 [Worker-2] INFO  c.g.t.t.d.PublishedGradleVersions - Gradle version information cache is up-to-date. Trying to read.
2018-05-28 11:12:14,979 [Worker-7] INFO  o.e.m.c.i.embedder.EclipseLogger - Using 'UTF-8' encoding to copy filtered resources.
2018-05-28 11:12:15,000 [Worker-7] INFO  o.e.m.c.i.embedder.EclipseLogger - Copying 1 resource
2018-05-28 11:12:15,069 [Worker-7] INFO  o.e.m.c.i.embedder.EclipseLogger - Copying 162 resources
2018-05-28 11:12:15,331 [Worker-7] INFO  o.e.m.c.i.embedder.EclipseLogger - Using 'UTF-8' encoding to copy filtered resources.
2018-05-28 11:12:15,331 [Worker-7] INFO  o.e.m.c.i.embedder.EclipseLogger - skip non existing resourceDirectory D:\java\local.backup\Starter\NewApplication\src\test\resources
2018-05-28 13:50:54,062 [Worker-65] INFO  o.e.m.c.i.embedder.EclipseLogger - Using 'UTF-8' encoding to copy filtered resources.
2018-05-28 13:50:54,391 [Worker-65] INFO  o.e.m.c.i.embedder.EclipseLogger - Copying 1 resource
2018-05-28 13:50:54,524 [Worker-65] INFO  o.e.m.c.i.embedder.EclipseLogger - Copying 163 resources
2018-05-28 13:50:55,091 [Worker-65] INFO  o.e.m.c.i.embedder.EclipseLogger - Using 'UTF-8' encoding to copy filtered resources.
2018-05-28 13:50:55,092 [Worker-65] INFO  o.e.m.c.i.embedder.EclipseLogger - skip non existing resourceDirectory D:\java\local.backup\Starter\NewApplication\src\test\resources
2018-05-28 13:57:43,315 [Worker-72] INFO  o.e.m.c.i.embedder.EclipseLogger - Using 'UTF-8' encoding to copy filtered resources.
2018-05-28 13:57:43,317 [Worker-72] INFO  o.e.m.c.i.embedder.EclipseLogger - Copying 0 resource
2018-05-28 13:57:43,318 [Worker-72] INFO  o.e.m.c.i.embedder.EclipseLogger - Copying 1 resource
2018-05-28 13:57:43,324 [Worker-72] INFO  o.e.m.c.i.embedder.EclipseLogger - Using 'UTF-8' encoding to copy filtered resources.
2018-05-28 13:57:43,325 [Worker-72] INFO  o.e.m.c.i.embedder.EclipseLogger - skip non existing resourceDirectory D:\java\local.backup\Starter\NewApplication\src\test\resources
2018-05-28 14:00:15,600 [Worker-77] INFO  o.e.m.c.i.embedder.EclipseLogger - Using 'UTF-8' encoding to copy filtered resources.
2018-05-28 14:00:15,601 [Worker-77] INFO  o.e.m.c.i.embedder.EclipseLogger - Copying 1 resource
2018-05-28 14:00:15,606 [Worker-77] INFO  o.e.m.c.i.embedder.EclipseLogger - Copying 162 resources
2018-05-28 14:00:25,924 [Worker-77] INFO  o.e.m.c.i.embedder.EclipseLogger - Using 'UTF-8' encoding to copy filtered resources.
2018-05-28 14:00:25,925 [Worker-77] INFO  o.e.m.c.i.embedder.EclipseLogger - skip non existing resourceDirectory D:\java\local.backup\Starter\NewApplication\src\test\resources
2018-05-28 14:01:56,245 [Worker-65] INFO  o.e.m.c.i.embedder.EclipseLogger - Using 'UTF-8' encoding to copy filtered resources.
2018-05-28 14:01:56,288 [Worker-65] INFO  o.e.m.c.i.embedder.EclipseLogger - Copying 1 resource
2018-05-28 14:01:56,338 [Worker-65] INFO  o.e.m.c.i.embedder.EclipseLogger - Copying 163 resources
2018-05-28 14:01:56,941 [Worker-65] INFO  o.e.m.c.i.embedder.EclipseLogger - Using 'UTF-8' encoding to copy filtered resources.
2018-05-28 14:01:56,942 [Worker-65] INFO  o.e.m.c.i.embedder.EclipseLogger - skip non existing resourceDirectory D:\java\local.backup\Starter\NewApplication\src\test\resources
2018-05-28 14:12:34,308 [Worker-74] INFO  o.e.m.c.i.embedder.EclipseLogger - Using 'UTF-8' encoding to copy filtered resources.
2018-05-28 14:12:34,348 [Worker-74] INFO  o.e.m.c.i.embedder.EclipseLogger - Copying 1 resource
2018-05-28 14:12:34,393 [Worker-74] INFO  o.e.m.c.i.embedder.EclipseLogger - Copying 163 resources
2018-05-28 14:12:35,075 [Worker-74] INFO  o.e.m.c.i.embedder.EclipseLogger - Using 'UTF-8' encoding to copy filtered resources.
2018-05-28 14:12:35,076 [Worker-74] INFO  o.e.m.c.i.embedder.EclipseLogger - skip non existing resourceDirectory D:\java\local.backup\Starter\NewApplication\src\test\resources
2018-05-28 14:13:44,496 [Worker-64] INFO  o.e.m.c.i.embedder.EclipseLogger - Using 'UTF-8' encoding to copy filtered resources.
2018-05-28 14:13:44,498 [Worker-64] INFO  o.e.m.c.i.embedder.EclipseLogger - Copying 1 resource
2018-05-28 14:13:44,505 [Worker-64] INFO  o.e.m.c.i.embedder.EclipseLogger - Copying 162 resources
2018-05-28 14:13:45,221 [Worker-64] INFO  o.e.m.c.i.embedder.EclipseLogger - Using 'UTF-8' encoding to copy filtered resources.
2018-05-28 14:13:45,221 [Worker-64] INFO  o.e.m.c.i.embedder.EclipseLogger - skip non existing resourceDirectory D:\java\local.backup\Starter\NewApplication\src\test\resources
2018-05-28 15:07:12,910 [Worker-98] INFO  o.e.m.c.i.embedder.EclipseLogger - Using 'UTF-8' encoding to copy filtered resources.
2018-05-28 15:07:12,950 [Worker-98] INFO  o.e.m.c.i.embedder.EclipseLogger - Copying 1 resource
2018-05-28 15:07:12,983 [Worker-98] INFO  o.e.m.c.i.embedder.EclipseLogger - Copying 163 resources
2018-05-28 15:07:13,039 [Worker-98] INFO  o.e.m.c.i.embedder.EclipseLogger - Using 'UTF-8' encoding to copy filtered resources.
2018-05-28 15:07:13,040 [Worker-98] INFO  o.e.m.c.i.embedder.EclipseLogger - skip non existing resourceDirectory D:\java\local.backup\Starter\NewApplication\src\test\resources
2018-05-28 15:12:32,688 [Worker-103] INFO  o.e.m.c.i.embedder.EclipseLogger - Using 'UTF-8' encoding to copy filtered resources.
2018-05-28 15:12:32,692 [Worker-103] INFO  o.e.m.c.i.embedder.EclipseLogger - Copying 0 resource
2018-05-28 15:12:32,694 [Worker-103] INFO  o.e.m.c.i.embedder.EclipseLogger - Copying 1 resource
2018-05-28 15:12:32,709 [Worker-103] INFO  o.e.m.c.i.embedder.EclipseLogger - Using 'UTF-8' encoding to copy filtered resources.
2018-05-28 15:12:32,709 [Worker-103] INFO  o.e.m.c.i.embedder.EclipseLogger - skip non existing resourceDirectory D:\java\local.backup\Starter\NewApplication\src\test\resources
2018-05-28 15:58:41,909 [Worker-105] INFO  o.e.m.c.i.embedder.EclipseLogger - Using 'UTF-8' encoding to copy filtered resources.
2018-05-28 15:58:41,910 [Worker-105] INFO  o.e.m.c.i.embedder.EclipseLogger - Copying 0 resource
2018-05-28 15:58:41,911 [Worker-105] INFO  o.e.m.c.i.embedder.EclipseLogger - Copying 2 resources
2018-05-28 15:58:41,928 [Worker-105] INFO  o.e.m.c.i.embedder.EclipseLogger - Using 'UTF-8' encoding to copy filtered resources.
2018-05-28 15:58:41,929 [Worker-105] INFO  o.e.m.c.i.embedder.EclipseLogger - skip non existing resourceDirectory D:\java\local.backup\Starter\NewApplication\src\test\resources
2018-05-29 11:25:33,651 [Worker-280] INFO  o.e.m.c.i.embedder.EclipseLogger - Using 'UTF-8' encoding to copy filtered resources.
2018-05-29 11:25:33,674 [Worker-280] INFO  o.e.m.c.i.embedder.EclipseLogger - Copying 1 resource
2018-05-29 11:25:33,730 [Worker-280] INFO  o.e.m.c.i.embedder.EclipseLogger - Copying 166 resources
2018-05-29 11:25:33,873 [Worker-280] INFO  o.e.m.c.i.embedder.EclipseLogger - Using 'UTF-8' encoding to copy filtered resources.
2018-05-29 11:25:33,873 [Worker-280] INFO  o.e.m.c.i.embedder.EclipseLogger - skip non existing resourceDirectory D:\java\local.backup\Starter\NewApplication\src\test\resources
2018-05-29 11:31:32,721 [Worker-302] INFO  o.e.m.c.i.embedder.EclipseLogger - Using 'UTF-8' encoding to copy filtered resources.
2018-05-29 11:31:32,788 [Worker-302] INFO  o.e.m.c.i.embedder.EclipseLogger - Copying 1 resource
2018-05-29 11:31:32,824 [Worker-302] INFO  o.e.m.c.i.embedder.EclipseLogger - Copying 166 resources
2018-05-29 11:31:32,867 [Worker-302] INFO  o.e.m.c.i.embedder.EclipseLogger - Using 'UTF-8' encoding to copy filtered resources.
2018-05-29 11:31:32,868 [Worker-302] INFO  o.e.m.c.i.embedder.EclipseLogger - skip non existing resourceDirectory D:\java\local.backup\Starter\NewApplication\src\test\resources
2018-05-29 11:40:02,492 [Worker-305] INFO  o.e.m.c.i.embedder.EclipseLogger - Using 'UTF-8' encoding to copy filtered resources.
2018-05-29 11:40:02,584 [Worker-305] INFO  o.e.m.c.i.embedder.EclipseLogger - Copying 1 resource
2018-05-29 11:40:02,622 [Worker-305] INFO  o.e.m.c.i.embedder.EclipseLogger - Copying 166 resources
2018-05-29 11:40:02,741 [Worker-305] INFO  o.e.m.c.i.embedder.EclipseLogger - Using 'UTF-8' encoding to copy filtered resources.
2018-05-29 11:40:02,742 [Worker-305] INFO  o.e.m.c.i.embedder.EclipseLogger - skip non existing resourceDirectory D:\java\local.backup\Starter\NewApplication\src\test\resources
2018-05-29 12:11:22,243 [Worker-310] INFO  o.e.m.c.i.embedder.EclipseLogger - Using 'UTF-8' encoding to copy filtered resources.
2018-05-29 12:11:22,310 [Worker-310] INFO  o.e.m.c.i.embedder.EclipseLogger - Copying 1 resource
2018-05-29 12:11:22,341 [Worker-310] INFO  o.e.m.c.i.embedder.EclipseLogger - Copying 166 resources
2018-05-29 12:11:22,460 [Worker-310] INFO  o.e.m.c.i.embedder.EclipseLogger - Using 'UTF-8' encoding to copy filtered resources.
2018-05-29 12:11:22,461 [Worker-310] INFO  o.e.m.c.i.embedder.EclipseLogger - skip non existing resourceDirectory D:\java\local.backup\Starter\NewApplication\src\test\resources
2018-05-29 12:22:59,430 [Worker-342] INFO  o.e.m.c.i.embedder.EclipseLogger - Using 'UTF-8' encoding to copy filtered resources.
2018-05-29 12:22:59,554 [Worker-342] INFO  o.e.m.c.i.embedder.EclipseLogger - Copying 1 resource
2018-05-29 12:22:59,591 [Worker-342] INFO  o.e.m.c.i.embedder.EclipseLogger - Copying 166 resources
2018-05-29 12:22:59,642 [Worker-342] INFO  o.e.m.c.i.embedder.EclipseLogger - Using 'UTF-8' encoding to copy filtered resources.
2018-05-29 12:22:59,642 [Worker-342] INFO  o.e.m.c.i.embedder.EclipseLogger - skip non existing resourceDirectory D:\java\local.backup\Starter\NewApplication\src\test\resources
2018-05-29 12:26:08,845 [Worker-2] INFO  c.g.t.t.d.PublishedGradleVersions - Gradle version information cache is out-of-date. Trying to update.
2018-05-29 14:09:41,459 [Worker-46] INFO  o.e.m.c.i.embedder.EclipseLogger - Using 'UTF-8' encoding to copy filtered resources.
2018-05-29 14:09:41,549 [Worker-46] INFO  o.e.m.c.i.embedder.EclipseLogger - Copying 1 resource
2018-05-29 14:09:41,619 [Worker-46] INFO  o.e.m.c.i.embedder.EclipseLogger - Copying 162 resources
2018-05-29 14:09:41,769 [Worker-46] INFO  o.e.m.c.i.embedder.EclipseLogger - Using 'UTF-8' encoding to copy filtered resources.
2018-05-29 14:09:41,769 [Worker-46] INFO  o.e.m.c.i.embedder.EclipseLogger - skip non existing resourceDirectory D:\java\local.backup\Starter\NewApplication\src\test\resources
2018-05-29 14:34:26,980 [Worker-65] INFO  o.e.m.c.i.embedder.EclipseLogger - Using 'UTF-8' encoding to copy filtered resources.
2018-05-29 14:34:26,986 [Worker-65] INFO  o.e.m.c.i.embedder.EclipseLogger - Copying 0 resource
2018-05-29 14:34:26,989 [Worker-65] INFO  o.e.m.c.i.embedder.EclipseLogger - Copying 8 resources
2018-05-29 14:34:28,051 [Worker-65] INFO  o.e.m.c.i.embedder.EclipseLogger - Using 'UTF-8' encoding to copy filtered resources.
2018-05-29 14:34:28,052 [Worker-65] INFO  o.e.m.c.i.embedder.EclipseLogger - skip non existing resourceDirectory D:\java\local.backup\Starter\NewApplication\src\test\resources
2018-05-29 14:54:12,013 [Worker-80] INFO  o.e.m.c.i.embedder.EclipseLogger - Using 'UTF-8' encoding to copy filtered resources.
2018-05-29 14:54:12,014 [Worker-80] INFO  o.e.m.c.i.embedder.EclipseLogger - Copying 0 resource
2018-05-29 14:54:12,015 [Worker-80] INFO  o.e.m.c.i.embedder.EclipseLogger - Copying 7 resources
2018-05-29 14:54:12,102 [Worker-80] INFO  o.e.m.c.i.embedder.EclipseLogger - Using 'UTF-8' encoding to copy filtered resources.
2018-05-29 14:54:12,102 [Worker-80] INFO  o.e.m.c.i.embedder.EclipseLogger - skip non existing resourceDirectory D:\java\local.backup\Starter\NewApplication\src\test\resources
2018-05-29 15:05:59,098 [Worker-100] INFO  o.e.m.c.i.embedder.EclipseLogger - Using 'UTF-8' encoding to copy filtered resources.
2018-05-29 15:05:59,098 [Worker-100] INFO  o.e.m.c.i.embedder.EclipseLogger - Copying 0 resource
2018-05-29 15:05:59,099 [Worker-100] INFO  o.e.m.c.i.embedder.EclipseLogger - Copying 3 resources
2018-05-29 15:05:59,134 [Worker-100] INFO  o.e.m.c.i.embedder.EclipseLogger - Using 'UTF-8' encoding to copy filtered resources.
2018-05-29 15:05:59,135 [Worker-100] INFO  o.e.m.c.i.embedder.EclipseLogger - skip non existing resourceDirectory D:\java\local.backup\Starter\NewApplication\src\test\resources
2018-05-29 15:33:13,660 [Worker-133] INFO  o.e.m.c.i.embedder.EclipseLogger - Using 'UTF-8' encoding to copy filtered resources.
2018-05-29 15:33:13,661 [Worker-133] INFO  o.e.m.c.i.embedder.EclipseLogger - Copying 0 resource
2018-05-29 15:33:13,662 [Worker-133] INFO  o.e.m.c.i.embedder.EclipseLogger - Copying 5 resources
2018-05-29 15:33:13,696 [Worker-133] INFO  o.e.m.c.i.embedder.EclipseLogger - Using 'UTF-8' encoding to copy filtered resources.
2018-05-29 15:33:13,697 [Worker-133] INFO  o.e.m.c.i.embedder.EclipseLogger - skip non existing resourceDirectory D:\java\local.backup\Starter\NewApplication\src\test\resources
2018-05-29 16:04:48,865 [Worker-159] INFO  o.e.m.c.i.embedder.EclipseLogger - Using 'UTF-8' encoding to copy filtered resources.
2018-05-29 16:04:48,866 [Worker-159] INFO  o.e.m.c.i.embedder.EclipseLogger - Copying 0 resource
2018-05-29 16:04:48,866 [Worker-159] INFO  o.e.m.c.i.embedder.EclipseLogger - Copying 2 resources
2018-05-29 16:04:48,882 [Worker-159] INFO  o.e.m.c.i.embedder.EclipseLogger - Using 'UTF-8' encoding to copy filtered resources.
2018-05-29 16:04:48,883 [Worker-159] INFO  o.e.m.c.i.embedder.EclipseLogger - skip non existing resourceDirectory D:\java\local.backup\Starter\NewApplication\src\test\resources
2018-05-29 16:24:51,936 [Worker-153] INFO  o.e.m.c.i.embedder.EclipseLogger - Using 'UTF-8' encoding to copy filtered resources.
2018-05-29 16:24:51,982 [Worker-153] INFO  o.e.m.c.i.embedder.EclipseLogger - Copying 1 resource
2018-05-29 16:24:52,036 [Worker-153] INFO  o.e.m.c.i.embedder.EclipseLogger - Copying 165 resources
2018-05-29 16:24:52,146 [Worker-153] INFO  o.e.m.c.i.embedder.EclipseLogger - Using 'UTF-8' encoding to copy filtered resources.
2018-05-29 16:24:52,147 [Worker-153] INFO  o.e.m.c.i.embedder.EclipseLogger - skip non existing resourceDirectory D:\java\local.backup\Starter\NewApplication\src\test\resources
2018-05-29 16:43:36,141 [Worker-2] INFO  c.g.t.t.d.PublishedGradleVersions - Gradle version information cache is up-to-date. Trying to read.
2018-05-30 09:47:30,831 [Worker-230] INFO  o.e.m.c.i.embedder.EclipseLogger - Using 'UTF-8' encoding to copy filtered resources.
2018-05-30 09:47:30,877 [Worker-230] INFO  o.e.m.c.i.embedder.EclipseLogger - Copying 1 resource
2018-05-30 09:47:30,997 [Worker-230] INFO  o.e.m.c.i.embedder.EclipseLogger - Copying 165 resources
2018-05-30 09:47:31,072 [Worker-230] INFO  o.e.m.c.i.embedder.EclipseLogger - Using 'UTF-8' encoding to copy filtered resources.
2018-05-30 09:47:31,073 [Worker-230] INFO  o.e.m.c.i.embedder.EclipseLogger - skip non existing resourceDirectory D:\java\local.backup\Starter\NewApplication\src\test\resources
2018-05-30 10:02:22,845 [Worker-233] INFO  o.e.m.c.i.embedder.EclipseLogger - Using 'UTF-8' encoding to copy filtered resources.
2018-05-30 10:02:22,851 [Worker-233] INFO  o.e.m.c.i.embedder.EclipseLogger - Copying 0 resource
2018-05-30 10:02:22,852 [Worker-233] INFO  o.e.m.c.i.embedder.EclipseLogger - Copying 1 resource
2018-05-30 10:02:22,958 [Worker-233] INFO  o.e.m.c.i.embedder.EclipseLogger - Using 'UTF-8' encoding to copy filtered resources.
2018-05-30 10:02:22,958 [Worker-233] INFO  o.e.m.c.i.embedder.EclipseLogger - skip non existing resourceDirectory D:\java\local.backup\Starter\NewApplication\src\test\resources
2018-05-30 10:19:37,332 [Worker-283] INFO  o.e.m.c.i.embedder.EclipseLogger - Using 'UTF-8' encoding to copy filtered resources.
2018-05-30 10:19:37,333 [Worker-283] INFO  o.e.m.c.i.embedder.EclipseLogger - Copying 0 resource
2018-05-30 10:19:37,333 [Worker-283] INFO  o.e.m.c.i.embedder.EclipseLogger - Copying 1 resource
2018-05-30 10:19:37,373 [Worker-283] INFO  o.e.m.c.i.embedder.EclipseLogger - Using 'UTF-8' encoding to copy filtered resources.
2018-05-30 10:19:37,374 [Worker-283] INFO  o.e.m.c.i.embedder.EclipseLogger - skip non existing resourceDirectory D:\java\local.backup\Starter\NewApplication\src\test\resources
2018-05-30 10:43:14,142 [Worker-318] INFO  o.e.m.c.i.embedder.EclipseLogger - Using 'UTF-8' encoding to copy filtered resources.
2018-05-30 10:43:14,183 [Worker-318] INFO  o.e.m.c.i.embedder.EclipseLogger - Copying 1 resource
2018-05-30 10:43:14,222 [Worker-318] INFO  o.e.m.c.i.embedder.EclipseLogger - Copying 165 resources
2018-05-30 10:43:14,269 [Worker-318] INFO  o.e.m.c.i.embedder.EclipseLogger - Using 'UTF-8' encoding to copy filtered resources.
2018-05-30 10:43:14,269 [Worker-318] INFO  o.e.m.c.i.embedder.EclipseLogger - skip non existing resourceDirectory D:\java\local.backup\Starter\NewApplication\src\test\resources
